<?xml version="1.0" encoding="UTF-8"?>
<testng-results skipped="0" failed="0" ignored="0" total="1" passed="1">
  <reporter-output>
  </reporter-output>
  <suite name="Default suite" duration-ms="24" started-at="2019-04-22T04:45:22Z" finished-at="2019-04-22T04:45:22Z">
    <groups>
    </groups>
    <test name="Default test" duration-ms="24" started-at="2019-04-22T04:45:22Z" finished-at="2019-04-22T04:45:22Z">
      <class name="com.qa.tests.LoginTest">
        <test-method status="PASS" signature="test1()[pri:0, instance:com.qa.tests.LoginTest@643b1d11]" name="test1" duration-ms="7" started-at="2019-04-22T11:45:22Z" finished-at="2019-04-22T11:45:22Z">
          <reporter-output>
          </reporter-output>
        </test-method> <!-- test1 -->
      </class> <!-- com.qa.tests.LoginTest -->
    </test> <!-- Default test -->
  </suite> <!-- Default suite -->
</testng-results>
