<?xml version="1.0" encoding="UTF-8"?>
<testng-results skipped="0" failed="0" ignored="0" total="2" passed="2">
  <reporter-output>
  </reporter-output>
  <suite name="Default suite" duration-ms="24502" started-at="2019-05-23T07:45:52Z" finished-at="2019-05-23T07:46:17Z">
    <groups>
    </groups>
    <test name="Default test" duration-ms="24502" started-at="2019-05-23T07:45:52Z" finished-at="2019-05-23T07:46:17Z">
      <class name="lazada.vn.testcases.HomePageTest">
        <test-method status="PASS" signature="setUp()[pri:0, instance:lazada.vn.testcases.HomePageTest@2a2d45ba]" name="setUp" is-config="true" duration-ms="7211" started-at="2019-05-23T14:45:52Z" finished-at="2019-05-23T14:46:00Z">
          <reporter-output>
          </reporter-output>
        </test-method> <!-- setUp -->
        <test-method status="PASS" signature="searchProductWithKeywordTest()[pri:1, instance:lazada.vn.testcases.HomePageTest@2a2d45ba]" name="searchProductWithKeywordTest" duration-ms="4193" started-at="2019-05-23T14:46:00Z" finished-at="2019-05-23T14:46:04Z">
          <reporter-output>
          </reporter-output>
        </test-method> <!-- searchProductWithKeywordTest -->
        <test-method status="PASS" signature="tearDown()[pri:0, instance:lazada.vn.testcases.HomePageTest@2a2d45ba]" name="tearDown" is-config="true" duration-ms="1" started-at="2019-05-23T14:46:04Z" finished-at="2019-05-23T14:46:04Z">
          <reporter-output>
          </reporter-output>
        </test-method> <!-- tearDown -->
        <test-method status="PASS" signature="setUp()[pri:0, instance:lazada.vn.testcases.HomePageTest@2a2d45ba]" name="setUp" is-config="true" duration-ms="13066" started-at="2019-05-23T14:46:04Z" finished-at="2019-05-23T14:46:17Z">
          <reporter-output>
          </reporter-output>
        </test-method> <!-- setUp -->
        <test-method status="PASS" signature="checkTitleHomePageTest()[pri:2, instance:lazada.vn.testcases.HomePageTest@2a2d45ba]" name="checkTitleHomePageTest" duration-ms="6" started-at="2019-05-23T14:46:17Z" finished-at="2019-05-23T14:46:17Z">
          <reporter-output>
          </reporter-output>
        </test-method> <!-- checkTitleHomePageTest -->
        <test-method status="PASS" signature="tearDown()[pri:0, instance:lazada.vn.testcases.HomePageTest@2a2d45ba]" name="tearDown" is-config="true" duration-ms="0" started-at="2019-05-23T14:46:17Z" finished-at="2019-05-23T14:46:17Z">
          <reporter-output>
          </reporter-output>
        </test-method> <!-- tearDown -->
      </class> <!-- lazada.vn.testcases.HomePageTest -->
    </test> <!-- Default test -->
  </suite> <!-- Default suite -->
</testng-results>
